<?xml version="1.0" encoding="UTF-8"?>
<!-- Generated by org.testng.reporters.JUnitReportReporter -->
<testsuite hostname="DVCINH6097579" failures="0" tests="2" name="com.learnautomation.testcases.LoginTestCRM" time="1.554" errors="0" timestamp="8 Oct 2020 10:11:34 GMT">
  <testcase classname="com.learnautomation.testcases.LoginTestCRM" name="launchApp" time="0.735"/>
  <testcase classname="com.learnautomation.testcases.LoginTestCRM" name="launchApp2" time="0.819"/>
</testsuite> <!-- com.learnautomation.testcases.LoginTestCRM -->
